<?xml version="1.0" encoding="UTF-8"?>
<testsuite xmlns:xsi="http://www.w3.org/2001/XMLSchema-instance" xsi:noNamespaceSchemaLocation="https://maven.apache.org/surefire/maven-surefire-plugin/xsd/surefire-test-report-3.0.xsd" version="3.0" name="edu.upc.etsetb.poo.basededatos.casosdeuso.ControladorTest" time="1.046" tests="10" errors="0" skipped="0" failures="0">
  <properties>
    <property name="java.specification.version" value="21"/>
    <property name="sun.cpu.isalist" value="amd64"/>
    <property name="sun.jnu.encoding" value="Cp1252"/>
    <property name="java.class.path" value="C:\Users\oscar\OneDrive\Documents\NetBeansProjects\BaseDeDatosEstudiantes\target\test-classes;C:\Users\oscar\OneDrive\Documents\NetBeansProjects\BaseDeDatosEstudiantes\target\classes;C:\Users\oscar\.m2\repository\edu\upc\ac\BaseCorrectorDAC\2022_2023on\BaseCorrectorDAC-2022_2023on.jar;C:\Users\oscar\.m2\repository\junit\junit\4.12\junit-4.12.jar;C:\Users\oscar\.m2\repository\org\hamcrest\hamcrest-core\1.3\hamcrest-core-1.3.jar;C:\Users\oscar\.m2\repository\org\mockito\mockito-core\2.28.2\mockito-core-2.28.2.jar;C:\Users\oscar\.m2\repository\net\bytebuddy\byte-buddy\1.9.10\byte-buddy-1.9.10.jar;C:\Users\oscar\.m2\repository\net\bytebuddy\byte-buddy-agent\1.9.10\byte-buddy-agent-1.9.10.jar;C:\Users\oscar\.m2\repository\org\objenesis\objenesis\2.6\objenesis-2.6.jar;"/>
    <property name="java.vm.vendor" value="Oracle Corporation"/>
    <property name="sun.arch.data.model" value="64"/>
    <property name="user.variant" value=""/>
    <property name="java.vendor.url" value="https://java.oracle.com/"/>
    <property name="user.timezone" value="Europe/Madrid"/>
    <property name="user.country.format" value="ES"/>
    <property name="os.name" value="Windows 10"/>
    <property name="java.vm.specification.version" value="21"/>
    <property name="user.country" value="GB"/>
    <property name="sun.java.launcher" value="SUN_STANDARD"/>
    <property name="sun.boot.library.path" value="C:\tools\jdk-21.0.2\bin"/>
    <property name="sun.java.command" value="C:\Users\oscar\AppData\Local\Temp\surefire9812569223575782192\surefirebooter-20240524223858053_3.jar C:\Users\oscar\AppData\Local\Temp\surefire9812569223575782192 2024-05-24T22-38-57_758-jvmRun1 surefire-20240524223858053_1tmp surefire_0-20240524223858053_2tmp"/>
    <property name="jdk.debug" value="release"/>
    <property name="test" value="edu.upc.etsetb.poo.basededatos.casosdeuso.ControladorTest"/>
    <property name="surefire.test.class.path" value="C:\Users\oscar\OneDrive\Documents\NetBeansProjects\BaseDeDatosEstudiantes\target\test-classes;C:\Users\oscar\OneDrive\Documents\NetBeansProjects\BaseDeDatosEstudiantes\target\classes;C:\Users\oscar\.m2\repository\edu\upc\ac\BaseCorrectorDAC\2022_2023on\BaseCorrectorDAC-2022_2023on.jar;C:\Users\oscar\.m2\repository\junit\junit\4.12\junit-4.12.jar;C:\Users\oscar\.m2\repository\org\hamcrest\hamcrest-core\1.3\hamcrest-core-1.3.jar;C:\Users\oscar\.m2\repository\org\mockito\mockito-core\2.28.2\mockito-core-2.28.2.jar;C:\Users\oscar\.m2\repository\net\bytebuddy\byte-buddy\1.9.10\byte-buddy-1.9.10.jar;C:\Users\oscar\.m2\repository\net\bytebuddy\byte-buddy-agent\1.9.10\byte-buddy-agent-1.9.10.jar;C:\Users\oscar\.m2\repository\org\objenesis\objenesis\2.6\objenesis-2.6.jar;"/>
    <property name="sun.cpu.endian" value="little"/>
    <property name="user.home" value="C:\Users\oscar"/>
    <property name="user.language" value="en"/>
    <property name="java.specification.vendor" value="Oracle Corporation"/>
    <property name="java.version.date" value="2024-01-16"/>
    <property name="java.home" value="C:\tools\jdk-21.0.2"/>
    <property name="file.separator" value="\"/>
    <property name="basedir" value="C:\Users\oscar\OneDrive\Documents\NetBeansProjects\BaseDeDatosEstudiantes"/>
    <property name="java.vm.compressedOopsMode" value="Zero based"/>
    <property name="line.separator" value="&#10;"/>
    <property name="java.vm.specification.vendor" value="Oracle Corporation"/>
    <property name="java.specification.name" value="Java Platform API Specification"/>
    <property name="surefire.real.class.path" value="C:\Users\oscar\AppData\Local\Temp\surefire9812569223575782192\surefirebooter-20240524223858053_3.jar"/>
    <property name="user.script" value=""/>
    <property name="sun.management.compiler" value="HotSpot 64-Bit Tiered Compilers"/>
    <property name="java.runtime.version" value="21.0.2+13-58"/>
    <property name="user.name" value="oscar"/>
    <property name="stdout.encoding" value="Cp1252"/>
    <property name="path.separator" value=";"/>
    <property name="os.version" value="10.0"/>
    <property name="java.runtime.name" value="OpenJDK Runtime Environment"/>
    <property name="file.encoding" value="UTF-8"/>
    <property name="java.vm.name" value="OpenJDK 64-Bit Server VM"/>
    <property name="maven.ext.class.path" value="C:\Program Files\NetBeans-20\netbeans\java\maven-nblib\netbeans-eventspy.jar"/>
    <property name="localRepository" value="C:\Users\oscar\.m2\repository"/>
    <property name="java.vendor.url.bug" value="https://bugreport.java.com/bugreport/"/>
    <property name="java.io.tmpdir" value="C:\Users\oscar\AppData\Local\Temp\"/>
    <property name="java.version" value="21.0.2"/>
    <property name="user.dir" value="C:\Users\oscar\OneDrive\Documents\NetBeansProjects\BaseDeDatosEstudiantes"/>
    <property name="os.arch" value="amd64"/>
    <property name="java.vm.specification.name" value="Java Virtual Machine Specification"/>
    <property name="user.language.format" value="ca"/>
    <property name="sun.os.patch.level" value=""/>
    <property name="native.encoding" value="Cp1252"/>
    <property name="java.library.path" value="C:\tools\jdk-21.0.2\bin;C:\Windows\Sun\Java\bin;C:\Windows\system32;C:\Windows;C:\Windows\system32;C:\Windows;C:\Windows\System32\Wbem;C:\Windows\System32\WindowsPowerShell\v1.0\;C:\Windows\System32\OpenSSH\;C:\Program Files\dotnet\;C:\Program Files\AutoFirma\AutoFirma;C:\Users\oscar\AppData\Local\Microsoft\WindowsApps;C:\tools\jdk-21.0.2\bin;;."/>
    <property name="java.vm.info" value="mixed mode, sharing"/>
    <property name="stderr.encoding" value="Cp1252"/>
    <property name="java.vendor" value="Oracle Corporation"/>
    <property name="java.vm.version" value="21.0.2+13-58"/>
    <property name="sun.io.unicode.encoding" value="UnicodeLittle"/>
    <property name="java.class.version" value="65.0"/>
  </properties>
  <testcase name="test01_Constructor" classname="edu.upc.etsetb.poo.basededatos.casosdeuso.ControladorTest" time="0.827">
    <system-out><![CDATA[
Corrigiendo clase Controlador.

	Controlador::Controlador(nombre,esquema). Valor: 0.25
	Test 1: comprobación de que el atributo 'iu' existe
	Test 2: comprobación de que el atributo 'iu' tiene un valor null
	Test 3: comprobación de que el atributo 'tablas' existe
	Test 4: comprobación de que el atributo 'tablas' es un mapa
	Test 5: comprobación de que el valor de 'tablas' NO es null
	Test 6: comprobación de que el mapa 'tablas' está vació
		Puntos obtenidos: 0.25. Puntos acumulados: 0.25
]]></system-out>
  </testcase>
  <testcase name="test02_setIu" classname="edu.upc.etsetb.poo.basededatos.casosdeuso.ControladorTest" time="0.001">
    <system-out><![CDATA[
	Controlador::setIu(iu). Valor: 0.25
		Puntos obtenidos: 0.25. Puntos acumulados: 0.5
]]></system-out>
  </testcase>
  <testcase name="test03_creaTabla" classname="edu.upc.etsetb.poo.basededatos.casosdeuso.ControladorTest" time="0.014">
    <system-out><![CDATA[
	Controlador::creaTabla(). Valor: 1.5
	Test 1: comando de menos de 3 palabras
	Test 2: comando con dos claves idénticas
	Test 3: tabla con nombre ya asociado a otra tabla existente
	Test 4: comando correcto
		Puntos obtenidos: 1.5. Puntos acumulados: 2.0
]]></system-out>
  </testcase>
  <testcase name="test04_anyadir" classname="edu.upc.etsetb.poo.basededatos.casosdeuso.ControladorTest" time="0.004">
    <system-out><![CDATA[
	Controlador::anyadir(). Valor: 1.5
	Test 1: comando de menos de 3 palabras
	Test 2: el nombre de la tabla es incorrecto
	Test 3: hay una clave errónea
	Test 4: comando correcto. Se añade una fila
	Test 5: valor de clave única repetida
		Puntos obtenidos: 1.5. Puntos acumulados: 3.5
]]></system-out>
  </testcase>
  <testcase name="test05_getCabeceras" classname="edu.upc.etsetb.poo.basededatos.casosdeuso.ControladorTest" time="0.003">
    <system-out><![CDATA[
	Controlador::getCabeceras(). Valor: 0.25
		Puntos obtenidos: 0.25. Puntos acumulados: 3.75
]]></system-out>
  </testcase>
  <testcase name="test06_interpretaCriterio" classname="edu.upc.etsetb.poo.basededatos.casosdeuso.ControladorTest" time="0.002">
    <system-out><![CDATA[
	Controlador::interpretaCriterio(). Valor: 1.25
	Test 1: comando de menos de 3 palabras
	Test 2: comando no contiene el símbolo de ningún criterio válido
	Test 3: comando contiene el símbolo = (CriterioIgual)
	Test 4: comprobando atributo 'nombreClave' de objeto CriterioIgual
	Test 5: comprobando atributo 'valorAComprobar' de objeto CriterioIgual
	Test 6: comando contiene el símbolo = (CriterioIgual)
	Test 7: comprobando atributo 'nombreClave' de objeto CriterioContiene
	Test 8: comprobando atributo 'valorAComprobar' de objeto CriterioContiene
	Test 9: comando contiene el símbolo > (CriterioMayorQue)
	Test 10: comprobando atributo 'nombreClave' de objeto CriterioMayorQue
	Test 11: comprobando atributo 'valorAComprobar' de objeto CriterioMayorQue
	Test 12: comando contiene el símbolo < (CriterioMenorQue)
	Test 13: comprobando atributo 'nombreClave' de objeto CriterioMenorQue
	Test 14: comprobando atributo 'valorAComprobar' de objeto CriterioMenorQue
		Puntos obtenidos: 1.25. Puntos acumulados: 5.0
]]></system-out>
  </testcase>
  <testcase name="test07_buscar" classname="edu.upc.etsetb.poo.basededatos.casosdeuso.ControladorTest" time="0.001">
    <system-out><![CDATA[
	Controlador::buscar(). Valor: 1.5
	Test 1: intento de búsqueda en tabla que NO existe
	Test 2: intento de búsqueda sin criterio
	Test 3: intento de búsqueda con criterio = NO numérico
	Test 4: intento de búsqueda con criterio = numérico
	Test 5: intento de búsqueda con criterio > numérico
	Test 6: intento de búsqueda con criterio < numérico
	Test 7: intento de búsqueda con criterio # (contiene)
		Puntos obtenidos: 1.5. Puntos acumulados: 6.5
]]></system-out>
  </testcase>
  <testcase name="test08_eliminar" classname="edu.upc.etsetb.poo.basededatos.casosdeuso.ControladorTest" time="0.006">
    <system-out><![CDATA[
	Controlador::eliminar(). Valor: 1.5
	Test 1: error en formato de comando
	Test 2: intento de búsqueda en tabla que NO existe
	Test 3: intento de eliminación con criterio = NO numérico
	Test 4: intento de búsqueda con criterio = numérico
	Test 5: intento de búsqueda con criterio > numérico
	Test 6: intento de búsqueda con criterio < numérico
	Test 7: intento de búsqueda con criterio # (contiene)
		Puntos obtenidos: 1.5. Puntos acumulados: 8.0
]]></system-out>
  </testcase>
  <testcase name="test09_ordenar" classname="edu.upc.etsetb.poo.basededatos.casosdeuso.ControladorTest" time="0.004">
    <system-out><![CDATA[
	Controlador::ordenar(). Valor: 1.0
	Test 1: intento de ordenar una tabla inexistente
	Test 2: intento de ordenar por una columna inexistente
	Test 3: intento de ordenación ascendente
	Test 4: intento de ordenación descendente
		Puntos obtenidos: 1.0. Puntos acumulados: 9.0
]]></system-out>
  </testcase>
  <testcase name="test10_exportar" classname="edu.upc.etsetb.poo.basededatos.casosdeuso.ControladorTest" time="0.023">
    <system-out><![CDATA[
	Controlador::exporta(). Valor: 1.0
	Test 1: intento de exportar todas las tablas
		Puntos obtenidos: 1.0. Puntos acumulados: 10.0
]]></system-out>
  </testcase>
</testsuite>